<?xml version="1.0" encoding="UTF-8"?>
<testsuite name="Contact Us" tests="2" skipped="0" failures="0" errors="0" timestamp="2022-03-28T04:51:00" hostname="DESKTOP-9LU7CK1" time="28.693">
  <properties/>
  <testcase name="SuccesfullyContactUs" classname="Contact Us" time="16.548"/>
  <testcase name="ContacUs WithOut Message" classname="Contact Us" time="12.145"/>
  <system-out><![CDATA[2022-03-27 23:51:29 INFO  ContactUsStepDefinitions:67 The message cannot be blank.
]]></system-out>
  <system-err><![CDATA[Starting ChromeDriver 99.0.4844.51 (d537ec02474b5afe23684e7963d538896c63ac77-refs/branch-heads/4844@{#875}) on port 56484
Only local connections are allowed.
Please see https://chromedriver.chromium.org/security-considerations for suggestions on keeping ChromeDriver safe.
ChromeDriver was started successfully.
mar. 27, 2022 11:51:07 P. M. org.openqa.selenium.remote.ProtocolHandshake createSession
INFORMACIÓN: Detected dialect: W3C
mar. 27, 2022 11:51:08 P. M. org.openqa.selenium.devtools.CdpVersionFinder findNearestMatch
ADVERTENCIA: Unable to find an exact match for CDP version 99, so returning the closest version found: 97
mar. 27, 2022 11:51:08 P. M. org.openqa.selenium.devtools.CdpVersionFinder findNearestMatch
INFORMACIÓN: Found CDP implementation for version 99 of 97
Starting ChromeDriver 99.0.4844.51 (d537ec02474b5afe23684e7963d538896c63ac77-refs/branch-heads/4844@{#875}) on port 64099
Only local connections are allowed.
Please see https://chromedriver.chromium.org/security-considerations for suggestions on keeping ChromeDriver safe.
ChromeDriver was started successfully.
mar. 27, 2022 11:51:18 P. M. org.openqa.selenium.remote.ProtocolHandshake createSession
INFORMACIÓN: Detected dialect: W3C
mar. 27, 2022 11:51:18 P. M. org.openqa.selenium.devtools.CdpVersionFinder findNearestMatch
ADVERTENCIA: Unable to find an exact match for CDP version 99, so returning the closest version found: 97
mar. 27, 2022 11:51:18 P. M. org.openqa.selenium.devtools.CdpVersionFinder findNearestMatch
INFORMACIÓN: Found CDP implementation for version 99 of 97
]]></system-err>
</testsuite>
